#
# There is insufficient memory for the Java Runtime Environment to continue.
# Native memory allocation (mmap) failed to map 130023424 bytes. Error detail: G1 virtual space
# Possible reasons:
#   The system is out of physical RAM or swap space
#   This process is running with CompressedOops enabled, and the Java Heap may be blocking the growth of the native heap
# Possible solutions:
#   Reduce memory load on the system
#   Increase physical memory or swap space
#   Check if swap backing store is full
#   Decrease Java heap size (-Xmx/-Xms)
#   Decrease number of Java threads
#   Decrease Java thread stack sizes (-Xss)
#   Set larger code cache with -XX:ReservedCodeCacheSize=
#   JVM is running with Unscaled Compressed Oops mode in which the Java heap is
#     placed in the first 4GB address space. The Java Heap base address is the
#     maximum limit for the native heap growth. Please use -XX:HeapBaseMinAddress
#     to set the Java Heap base and to place the Java Heap above 4GB virtual address.
# This output file may be truncated or incomplete.
#
#  Out of Memory Error (os_windows.cpp:3898), pid=24608, tid=5564
#
# JRE version:  (21.0.6) (build )
# Java VM: OpenJDK 64-Bit Server VM (21.0.6+-13391695-b895.109, mixed mode, sharing, tiered, compressed oops, compressed class ptrs, g1 gc, windows-amd64)
# No core dump will be written. Minidumps are not enabled by default on client versions of Windows
#

---------------  S U M M A R Y ------------

Command Line: 

Host: Intel(R) Core(TM) i7-6600U CPU @ 2.60GHz, 4 cores, 7G,  Windows 10 , 64 bit Build 19041 (10.0.19041.5915)
Time: Sun Jan  4 14:01:08 2026 Pakistan Standard Time elapsed time: 0.013784 seconds (0d 0h 0m 0s)

---------------  T H R E A D  ---------------

Current thread (0x00000237b7d7d2d0):  JavaThread "Unknown thread" [_thread_in_vm, id=5564, stack(0x000000f952d00000,0x000000f952e00000) (1024K)]

Stack: [0x000000f952d00000,0x000000f952e00000]
Native frames: (J=compiled Java code, j=interpreted, Vv=VM code, C=native code)
V  [jvm.dll+0x6d0639]
V  [jvm.dll+0x85eb03]
V  [jvm.dll+0x86105e]
V  [jvm.dll+0x861743]
V  [jvm.dll+0x27e6e6]
V  [jvm.dll+0x6ccfd5]
V  [jvm.dll+0x6c0a8a]
V  [jvm.dll+0x35537b]
V  [jvm.dll+0x35cfd6]
V  [jvm.dll+0x3aef86]
V  [jvm.dll+0x3af258]
V  [jvm.dll+0x327a2c]
V  [jvm.dll+0x32871b]
V  [jvm.dll+0x826549]
V  [jvm.dll+0x3bc158]
V  [jvm.dll+0x80f7f8]
V  [jvm.dll+0x45035e]
V  [jvm.dll+0x451ac1]
C  [jli.dll+0x52ab]
C  [ucrtbase.dll+0x21bb2]
C  [KERNEL32.DLL+0x17374]
C  [ntdll.dll+0x4cc91]


---------------  P R O C E S S  ---------------

Threads class SMR info:
_java_thread_list=0x00007ffe95801848, length=0, elements={
}

Java Threads: ( => current thread )
Total: 0

Other Threads:
  0x00000237b7dccc30 WorkerThread "GC Thread#0"                     [id=25068, stack(0x000000f952e00000,0x000000f952f00000) (1024K)]
  0x00000237b7ddd280 ConcurrentGCThread "G1 Main Marker"            [id=37080, stack(0x000000f952f00000,0x000000f953000000) (1024K)]
  0x00000237b7dde520 WorkerThread "G1 Conc#0"                       [id=38396, stack(0x000000f953000000,0x000000f953100000) (1024K)]

[error occurred during error reporting (printing all threads), id 0xc0000005, EXCEPTION_ACCESS_VIOLATION (0xc0000005) at pc=0x00007ffe94ffaa87]
VM state: not at safepoint (not fully initialized)

VM Mutex/Monitor currently owned by a thread:  ([mutex/lock_event])
[0x00007ffe9586e4a0] Heap_lock - owner thread: 0x00000237b7d7d2d0

Heap address: 0x0000000085800000, size: 1960 MB, Compressed Oops mode: 32-bit

CDS archive(s) mapped at: [0x0000000000000000-0x0000000000000000-0x0000000000000000), size 0, SharedBaseAddress: 0x0000000800000000, ArchiveRelocationMode: 1.
Narrow klass base: 0x0000000000000000, Narrow klass shift: 0, Narrow klass range: 0x0

GC Precious Log:
 CardTable entry size: 512
 Card Set container configuration: InlinePtr #cards 5 size 8 Array Of Cards #cards 12 size 40 Howl #buckets 4 coarsen threshold 1843 Howl Bitmap #cards 512 size 80 coarsen threshold 460 Card regions per heap region 1 cards per card region 2048

Heap:
 garbage-first heap   total 0K, used 0K [0x0000000085800000, 0x0000000100000000)
  region size 1024K, 0 young (0K), 0 survivors (0K)
 Metaspace       used 0K, committed 0K, reserved 0K
  class space    used 0K, committed 0K, reserved 0K

Heap Regions: E=young(eden), S=young(survivor), O=old, HS=humongous(starts), HC=humongous(continues), CS=collection set, F=free, TAMS=top-at-mark-start, PB=parsable bottom

Card table byte_map: [0x00000237ca2c0000,0x00000237ca6a0000] _byte_map_base: 0x00000237c9e94000

Marking Bits: (CMBitMap*) 0x00000237b7dcd330
 Bits: [0x00000237ca6a0000, 0x00000237cc540000)

GC Heap History (0 events):
No events

Dll operation events (1 events):
Event: 0.008 Loaded shared library C:\Program Files\Android\Android Studio\jbr\bin\java.dll

Deoptimization events (0 events):
No events

Classes loaded (0 events):
No events

Classes unloaded (0 events):
No events

Classes redefined (0 events):
No events

Internal exceptions (0 events):
No events

ZGC Phase Switch (0 events):
No events

VM Operations (0 events):
No events

Memory protections (0 events):
No events

Nmethod flushes (0 events):
No events

Events (0 events):
No events


Dynamic libraries:
0x00007ff6edb10000 - 0x00007ff6edb1a000 	C:\Program Files\Android\Android Studio\jbr\bin\java.EXE
0x00007fff125f0000 - 0x00007fff127e8000 	C:\WINDOWS\SYSTEM32\ntdll.dll
0x00007fff10fe0000 - 0x00007fff110a2000 	C:\WINDOWS\System32\KERNEL32.DLL
0x00007fff0ff30000 - 0x00007fff10226000 	C:\WINDOWS\System32\KERNELBASE.dll
0x00007fff0fe30000 - 0x00007fff0ff30000 	C:\WINDOWS\System32\ucrtbase.dll
0x00007ffedae40000 - 0x00007ffedae5b000 	C:\Program Files\Android\Android Studio\jbr\bin\VCRUNTIME140.dll
0x00007ffedd8f0000 - 0x00007ffedd908000 	C:\Program Files\Android\Android Studio\jbr\bin\jli.dll
0x00007fff110b0000 - 0x00007fff11251000 	C:\WINDOWS\System32\USER32.dll
0x00007ffefb1b0000 - 0x00007ffefb44b000 	C:\WINDOWS\WinSxS\amd64_microsoft.windows.common-controls_6595b64144ccf1df_6.0.19041.6456_none_60b8a6cb71f64256\COMCTL32.dll
0x00007fff103e0000 - 0x00007fff10402000 	C:\WINDOWS\System32\win32u.dll
0x00007fff11930000 - 0x00007fff1195b000 	C:\WINDOWS\System32\GDI32.dll
0x00007fff12510000 - 0x00007fff125ae000 	C:\WINDOWS\System32\msvcrt.dll
0x00007fff10410000 - 0x00007fff10529000 	C:\WINDOWS\System32\gdi32full.dll
0x00007fff0fd10000 - 0x00007fff0fdad000 	C:\WINDOWS\System32\msvcp_win.dll
0x00007fff11cb0000 - 0x00007fff11cdf000 	C:\WINDOWS\System32\IMM32.DLL
0x00007ffef8ec0000 - 0x00007ffef8ecc000 	C:\Program Files\Android\Android Studio\jbr\bin\vcruntime140_1.dll
0x00007ffed3680000 - 0x00007ffed370d000 	C:\Program Files\Android\Android Studio\jbr\bin\msvcp140.dll
0x00007ffe94cc0000 - 0x00007ffe9594b000 	C:\Program Files\Android\Android Studio\jbr\bin\server\jvm.dll
0x00007fff11470000 - 0x00007fff11521000 	C:\WINDOWS\System32\ADVAPI32.dll
0x00007fff11530000 - 0x00007fff115cf000 	C:\WINDOWS\System32\sechost.dll
0x00007fff123f0000 - 0x00007fff12510000 	C:\WINDOWS\System32\RPCRT4.dll
0x00007fff105e0000 - 0x00007fff10607000 	C:\WINDOWS\System32\bcrypt.dll
0x00007fff11a20000 - 0x00007fff11a8b000 	C:\WINDOWS\System32\WS2_32.dll
0x00007fff0f810000 - 0x00007fff0f85b000 	C:\WINDOWS\SYSTEM32\POWRPROF.dll
0x00007fff05ea0000 - 0x00007fff05eaa000 	C:\WINDOWS\SYSTEM32\VERSION.dll
0x00007ffef9070000 - 0x00007ffef9097000 	C:\WINDOWS\SYSTEM32\WINMM.dll
0x00007fff0f7d0000 - 0x00007fff0f7e2000 	C:\WINDOWS\SYSTEM32\UMPDC.dll
0x00007fff0e490000 - 0x00007fff0e4a2000 	C:\WINDOWS\SYSTEM32\kernel.appcore.dll
0x00007ffef3440000 - 0x00007ffef344a000 	C:\Program Files\Android\Android Studio\jbr\bin\jimage.dll
0x00007fff0cf10000 - 0x00007fff0d111000 	C:\WINDOWS\SYSTEM32\DBGHELP.DLL
0x00007ffeecf90000 - 0x00007ffeecfc4000 	C:\WINDOWS\SYSTEM32\dbgcore.DLL
0x00007fff0fc80000 - 0x00007fff0fd02000 	C:\WINDOWS\System32\bcryptPrimitives.dll
0x00007ffed87d0000 - 0x00007ffed87f0000 	C:\Program Files\Android\Android Studio\jbr\bin\java.dll

dbghelp: loaded successfully - version: 4.0.5 - missing functions: none
symbol engine: initialized successfully - sym options: 0x614 - pdb path: .;C:\Program Files\Android\Android Studio\jbr\bin;C:\WINDOWS\SYSTEM32;C:\WINDOWS\WinSxS\amd64_microsoft.windows.common-controls_6595b64144ccf1df_6.0.19041.6456_none_60b8a6cb71f64256;C:\Program Files\Android\Android Studio\jbr\bin\server

VM Arguments:
java_command: <unknown>
java_class_path (initial): <not set>
Launcher Type: SUN_STANDARD

[Global flags]
     intx CICompilerCount                          = 3                                         {product} {ergonomic}
     uint ConcGCThreads                            = 1                                         {product} {ergonomic}
     uint G1ConcRefinementThreads                  = 4                                         {product} {ergonomic}
   size_t G1HeapRegionSize                         = 1048576                                   {product} {ergonomic}
    uintx GCDrainStackTargetSize                   = 64                                        {product} {ergonomic}
   size_t InitialHeapSize                          = 130023424                                 {product} {ergonomic}
   size_t MarkStackSize                            = 4194304                                   {product} {ergonomic}
   size_t MaxHeapSize                              = 2055208960                                {product} {ergonomic}
   size_t MinHeapDeltaBytes                        = 1048576                                   {product} {ergonomic}
   size_t MinHeapSize                              = 8388608                                   {product} {ergonomic}
    uintx NonNMethodCodeHeapSize                   = 5832780                                {pd product} {ergonomic}
    uintx NonProfiledCodeHeapSize                  = 122912730                              {pd product} {ergonomic}
    uintx ProfiledCodeHeapSize                     = 122912730                              {pd product} {ergonomic}
    uintx ReservedCodeCacheSize                    = 251658240                              {pd product} {ergonomic}
     bool SegmentedCodeCache                       = true                                      {product} {ergonomic}
   size_t SoftMaxHeapSize                          = 2055208960                             {manageable} {ergonomic}
     bool UseCompressedOops                        = true                           {product lp64_product} {ergonomic}
     bool UseG1GC                                  = true                                      {product} {ergonomic}
     bool UseLargePagesIndividualAllocation        = false                                  {pd product} {ergonomic}

Logging:
Log output configuration:
 #0: stdout all=warning uptime,level,tags foldmultilines=false
 #1: stderr all=off uptime,level,tags foldmultilines=false

Environment Variables:
PATH=C:\Program Files\Google\Chrome\Application;C:\WINDOWS\system32;C:\WINDOWS;C:\WINDOWS\System32\Wbem;C:\WINDOWS\System32\WindowsPowerShell\v1.0\;C:\WINDOWS\System32\OpenSSH\;C:\Program Files\nodejs\;C:\Program Files\cursor\resources\app\bin;C:\Program Files\Git\cmd;C:\Users\NG\AppData\Local\Microsoft\WindowsApps;C:\Users\NG\Downloads\flutter_windows_3.32.6-stable\flutter\bin;C:\Users\NG\AppData\Local\Programs\Microsoft VS Code\bin;C:\Users\NG\AppData\Roaming\npm;C:\Users\NG\AppData\Local\Pub\Cache\bin;E:\jdk-17.0.16\bin;;C:\Users\NG\Downloads\flutter_windows_3.32.6-stable\flutter\bin\mingit\cmd;C:\Users\NG\Downloads\flutter_windows_3.32.6-stable\flutter\bin\mingit\cmd
USERNAME=NG
OS=Windows_NT
PROCESSOR_IDENTIFIER=Intel64 Family 6 Model 78 Stepping 3, GenuineIntel
TMP=C:\Users\NG\AppData\Local\Temp
TEMP=C:\Users\NG\AppData\Local\Temp




Periodic native trim disabled

JNI global refs:
JNI global refs: 0, weak refs: 0

JNI global refs memory usage: 0, weak refs: 0

Process memory usage:
Resident Set Size: 10560K (0% of 8023216K total physical memory with 546328K free physical memory)

OOME stack traces (most recent first):
Classloader memory used:

---------------  S Y S T E M  ---------------

OS:
 Windows 10 , 64 bit Build 19041 (10.0.19041.5915)
OS uptime: 15 days 18:03 hours

CPU: total 4 (initial active 4) (2 cores per cpu, 2 threads per core) family 6 model 78 stepping 3 microcode 0xcc, cx8, cmov, fxsr, ht, mmx, 3dnowpref, sse, sse2, sse3, ssse3, sse4.1, sse4.2, popcnt, lzcnt, tsc, tscinvbit, avx, avx2, aes, erms, clmul, bmi1, bmi2, rtm, adx, fma, vzeroupper, clflush, clflushopt, rdtscp, f16c
Processor Information for the first 4 processors :
  Max Mhz: 2801, Current Mhz: 2200, Mhz Limit: 2184

Memory: 4k page, system-wide physical 7835M (533M free)
TotalPageFile size 28353M (AvailPageFile size 12M)
current process WorkingSet (physical memory assigned to process): 10M, peak: 10M
current process commit charge ("private bytes"): 51M, peak: 175M

vm_info: OpenJDK 64-Bit Server VM (21.0.6+-13391695-b895.109) for windows-amd64 JRE (21.0.6+-13391695-b895.109), built on 2025-04-22T21:19:17Z by "builder" with MS VC++ 16.10 / 16.11 (VS2019)

END.
